2021-01-29 07:06:00,434 - INFO - ********** Test_001_Login **********
2021-01-29 07:06:00,434 - INFO - ********** Verifying Home Page Title **********
2021-01-29 07:06:09,131 - ERROR - ********** Home Page Title Test is failed **********
2021-01-29 07:06:18,175 - INFO - ********** Verifying Login Test **********
2021-01-29 07:06:39,920 - ERROR - ********** Login Test is failed **********
2021-01-30 09:38:35,083 - INFO - ********** Test_001_Login **********
2021-01-30 09:38:35,191 - INFO - ********** Verifying Home Page Title **********
2021-01-30 09:39:00,200 - ERROR - ********** Home Page Title Test is failed **********
2021-01-30 09:39:21,630 - INFO - ********** Verifying Login Test **********
2021-01-30 09:39:52,776 - ERROR - ********** Login Test is failed **********
2021-01-30 18:34:34,520 - INFO - ********** Test_001_Login **********
2021-01-30 18:34:34,617 - INFO - ********** Verifying Home Page Title **********
2021-01-30 18:34:57,869 - ERROR - ********** Home Page Title Test is failed **********
2021-01-30 18:35:04,719 - INFO - ********** Verifying Login Test **********
2021-01-30 18:35:39,944 - ERROR - ********** Login Test is failed **********
2021-01-30 18:38:36,043 - INFO - ********** Verifying Login Test **********
2021-01-30 18:39:51,759 - ERROR - ********** Login Test is failed **********
2021-01-30 18:45:21,326 - INFO - ********** Test_001_Login **********
2021-01-30 18:45:21,359 - INFO - ********** Verifying Home Page Title **********
2021-01-30 18:45:42,409 - INFO - ********** Home Page Title Test is passed **********
2021-01-30 18:46:06,279 - INFO - ********** Verifying Login Test **********
2021-01-30 18:46:23,947 - INFO - ********** Login Test is passed **********
2021-02-01 07:14:12,967 - INFO - ********** Test_001_Login **********
2021-02-01 07:14:12,990 - INFO - ********** Verifying Home Page Title **********
2021-02-01 07:14:13,302 - INFO - ********** Verifying Login Test **********
2021-02-01 07:15:52,802 - INFO - ********** Test_001_Login **********
2021-02-01 07:15:52,809 - INFO - ********** Verifying Home Page Title **********
2021-02-01 07:15:53,112 - INFO - ********** Verifying Login Test **********
2021-02-01 07:17:44,359 - INFO - ********** Test_001_Login **********
2021-02-01 07:17:44,376 - INFO - ********** Verifying Home Page Title **********
2021-02-01 07:18:05,441 - INFO - ********** Home Page Title Test is passed **********
2021-02-01 07:18:15,311 - INFO - ********** Verifying Login Test **********
2021-02-01 07:20:04,174 - INFO - ********** Login Test is passed **********
2021-02-01 08:11:36,653 - INFO - ********** Test_001_Login **********
2021-02-01 08:11:37,312 - INFO - ********** Verifying Home Page Title **********
2021-02-01 08:16:44,002 - INFO - ********** Verifying Login Test **********
2021-02-02 06:21:54,596 - INFO - ********** Test_001_Login **********
2021-02-02 06:21:54,609 - INFO - ********** Verifying Home Page Title **********
2021-02-02 06:22:13,552 - INFO - ********** Home Page Title Test is passed **********
2021-02-02 06:22:19,243 - INFO - ********** Verifying Login Test **********
2021-02-02 06:22:51,284 - INFO - ********** Login Test is passed **********
